Start testing: May 09 16:12 CEST
----------------------------------------------------------
4/6 Testing: core_Matrix_MPI_4
4/6 Test: core_Matrix_MPI_4
Command: "/usr/bin/mpiexec" "-np" "4" "/home/roeverf/opt/feddlib/FEDDLib-TribitsNew/build/feddlib/core/LinearAlgebra/tests/core_Matrix.exe"
Directory: /home/roeverf/opt/feddlib/FEDDLib-TribitsNew/build/feddlib/core/LinearAlgebra/tests
"core_Matrix_MPI_4" start time: May 09 16:12 CEST
Output:
----------------------------------------------------------
 Tpetra::CrsMatrix (Kokkos refactor):
  Template parameters:
   Scalar: double
   LocalOrdinal: int
   GlobalOrdinal: long long
   Node: Tpetra::KokkosCompat::KokkosDeviceWrapperNode<Kokkos::Serial, Kokkos::HostSpace>
  isFillComplete: true
  Global dimensions: [10, 10]
  Global number of entries: 0
  
  Global max number of entries in a row: 0
  
  Row Map:
  
   "Tpetra::Map":
    Template parameters:
     LocalOrdinal: int
     GlobalOrdinal: long long
     Node: Tpetra::KokkosCompat::KokkosDeviceWrapperNode<Kokkos::Serial, Kokkos::HostSpace>
    Global number of entries: 10
    Minimum global index: 0
    Maximum global index: 9
    Index base: 0
    Number of processes: 4
    Uniform: true
    Contiguous: true
    Distributed: true
    Process 0 of 4:
     My number of entries: 3
     My minimum global index: 0
     My maximum global index: 2
     My global indices: [0, 1, 2]
    Process 1 of 4:
     My number of entries: 3
     My minimum global index: 3
     My maximum global index: 5
     My global indices: [3, 4, 5]
    Process 2 of 4:
     My number of entries: 2
     My minimum global index: 6
     My maximum global index: 7
     My global indices: [6, 7]
    Process 3 of 4:
     My number of entries: 2
     My minimum global index: 8
     My maximum global index: 9
     My global indices: [8, 9]
  Column Map: 
   "Tpetra::Map":
    Template parameters:
     LocalOrdinal: int
     GlobalOrdinal: long long
     Node: Tpetra::KokkosCompat::KokkosDeviceWrapperNode<Kokkos::Serial, Kokkos::HostSpace>
    Global number of entries: 0
    Minimum global index: 9223372036854775807
    Maximum global index: -9223372036854775808
    Index base: 0
    Number of processes: 4
    Uniform: false
    Contiguous: false
    Distributed: false
    Process 0 of 4:
     My number of entries: 0
     My minimum global index: 9223372036854775807
     My maximum global index: -9223372036854775808
     My global indices: []
    Process 1 of 4:
     My number of entries: 0
     My minimum global index: 9223372036854775807
     My maximum global index: -9223372036854775808
     My global indices: []
    Process 2 of 4:
     My number of entries: 0
     My minimum global index: 9223372036854775807
     My maximum global index: -9223372036854775808
     My global indices: []
    Process 3 of 4:
     My number of entries: 0
     My minimum global index: 9223372036854775807
     My maximum global index: -9223372036854775808
     My global indices: []
  Domain Map: same as row Map
  Range Map: same as domain Map
  Process rank: 0
   Number of allocated entries: 0
   Number of entries: 0
   Max number of entries per row: 0
      Proc Rank   Global Row  Num Entries(Index,Value)
              0            0            0
              0            1            0
              0            2            0
<end of output>
Test time =   3.30 sec
----------------------------------------------------------
Test Fail Reason:
Required regular expression not found. Regex=[End Result: TEST PASSED
]
"core_Matrix_MPI_4" end time: May 09 16:12 CEST
"core_Matrix_MPI_4" time elapsed: 00:00:03
----------------------------------------------------------

End testing: May 09 16:12 CEST

core =  13.22 sec*proc

